0 info it worked if it ends with ok
1 verbose cli [ 'C:\\Program Files\\nodejs\\node.exe',
1 verbose cli   'C:\\Program Files\\nodejs\\node_modules\\npm\\bin\\npm-cli.js',
1 verbose cli   'install',
1 verbose cli   'mraa' ]
2 info using npm@3.10.10
3 info using node@v6.9.4
4 silly loadCurrentTree Starting
5 silly install loadCurrentTree
6 silly install readLocalPackageData
7 silly fetchPackageMetaData mraa
8 silly fetchNamedPackageData mraa
9 silly mapToRegistry name mraa
10 silly mapToRegistry using default registry
11 silly mapToRegistry registry https://registry.npmjs.org/
12 silly mapToRegistry data Result {
12 silly mapToRegistry   raw: 'mraa',
12 silly mapToRegistry   scope: null,
12 silly mapToRegistry   escapedName: 'mraa',
12 silly mapToRegistry   name: 'mraa',
12 silly mapToRegistry   rawSpec: '',
12 silly mapToRegistry   spec: 'latest',
12 silly mapToRegistry   type: 'tag' }
13 silly mapToRegistry uri https://registry.npmjs.org/mraa
14 verbose request uri https://registry.npmjs.org/mraa
15 verbose request no auth needed
16 info attempt registry request try #1 at 3:21:25 PM
17 verbose request id 890d30d4f42bdf55
18 http request GET https://registry.npmjs.org/mraa
19 http 200 https://registry.npmjs.org/mraa
20 verbose headers { server: 'nginx/1.10.1',
20 verbose headers   'content-type': 'application/json',
20 verbose headers   'last-modified': 'Fri, 04 Nov 2016 13:47:28 GMT',
20 verbose headers   etag: 'W/"581c9170-2a0ca"',
20 verbose headers   'content-encoding': 'gzip',
20 verbose headers   'cache-control': 'max-age=300',
20 verbose headers   'content-length': '14248',
20 verbose headers   'accept-ranges': 'bytes',
20 verbose headers   date: 'Sun, 05 Feb 2017 08:21:27 GMT',
20 verbose headers   via: '1.1 varnish',
20 verbose headers   age: '0',
20 verbose headers   connection: 'keep-alive',
20 verbose headers   'x-served-by': 'cache-hkg6825-HKG',
20 verbose headers   'x-cache': 'MISS',
20 verbose headers   'x-cache-hits': '0',
20 verbose headers   'x-timer': 'S1486282887.041555,VS0,VE197',
20 verbose headers   vary: 'Accept-Encoding' }
21 silly get cb [ 200,
21 silly get   { server: 'nginx/1.10.1',
21 silly get     'content-type': 'application/json',
21 silly get     'last-modified': 'Fri, 04 Nov 2016 13:47:28 GMT',
21 silly get     etag: 'W/"581c9170-2a0ca"',
21 silly get     'content-encoding': 'gzip',
21 silly get     'cache-control': 'max-age=300',
21 silly get     'content-length': '14248',
21 silly get     'accept-ranges': 'bytes',
21 silly get     date: 'Sun, 05 Feb 2017 08:21:27 GMT',
21 silly get     via: '1.1 varnish',
21 silly get     age: '0',
21 silly get     connection: 'keep-alive',
21 silly get     'x-served-by': 'cache-hkg6825-HKG',
21 silly get     'x-cache': 'MISS',
21 silly get     'x-cache-hits': '0',
21 silly get     'x-timer': 'S1486282887.041555,VS0,VE197',
21 silly get     vary: 'Accept-Encoding' } ]
22 verbose get saving mraa to C:\Users\Truong\AppData\Roaming\npm-cache\registry.npmjs.org\mraa\.cache.json
23 verbose correctMkdir C:\Users\Truong\AppData\Roaming\npm-cache correctMkdir not in flight; initializing
24 verbose makeDirectory C:\Users\Truong\AppData\Roaming\npm-cache creation not in flight; initializing
25 verbose makeCacheDir UID & GID are irrelevant on win32
26 silly install normalizeTree
27 silly loadCurrentTree Finishing
28 silly loadIdealTree Starting
29 silly install loadIdealTree
30 silly cloneCurrentTree Starting
31 silly install cloneCurrentTreeToIdealTree
32 silly cloneCurrentTree Finishing
33 silly loadShrinkwrap Starting
34 silly install loadShrinkwrap
35 silly loadShrinkwrap Finishing
36 silly loadAllDepsIntoIdealTree Starting
37 silly install loadAllDepsIntoIdealTree
38 silly resolveWithNewModule mraa@1.5.1 checking installable status
39 silly cache add args [ 'mraa', null ]
40 verbose cache add spec mraa
41 silly cache add parsed spec Result {
41 silly cache add   raw: 'mraa',
41 silly cache add   scope: null,
41 silly cache add   escapedName: 'mraa',
41 silly cache add   name: 'mraa',
41 silly cache add   rawSpec: '',
41 silly cache add   spec: 'latest',
41 silly cache add   type: 'tag' }
42 silly addNamed mraa@latest
43 verbose addNamed "latest" is being treated as a dist-tag for mraa
44 info addNameTag [ 'mraa', 'latest' ]
45 silly mapToRegistry name mraa
46 silly mapToRegistry using default registry
47 silly mapToRegistry registry https://registry.npmjs.org/
48 silly mapToRegistry data Result {
48 silly mapToRegistry   raw: 'mraa',
48 silly mapToRegistry   scope: null,
48 silly mapToRegistry   escapedName: 'mraa',
48 silly mapToRegistry   name: 'mraa',
48 silly mapToRegistry   rawSpec: '',
48 silly mapToRegistry   spec: 'latest',
48 silly mapToRegistry   type: 'tag' }
49 silly mapToRegistry uri https://registry.npmjs.org/mraa
50 verbose addNameTag registry:https://registry.npmjs.org/mraa not in flight; fetching
51 verbose get https://registry.npmjs.org/mraa not expired, no request
52 silly addNameTag next cb for mraa with tag latest
53 silly addNamed mraa@1.5.1
54 verbose addNamed "1.5.1" is a plain semver version for mraa
55 silly mapToRegistry name mraa
56 silly mapToRegistry using default registry
57 silly mapToRegistry registry https://registry.npmjs.org/
58 silly mapToRegistry data Result {
58 silly mapToRegistry   raw: 'mraa',
58 silly mapToRegistry   scope: null,
58 silly mapToRegistry   escapedName: 'mraa',
58 silly mapToRegistry   name: 'mraa',
58 silly mapToRegistry   rawSpec: '',
58 silly mapToRegistry   spec: 'latest',
58 silly mapToRegistry   type: 'tag' }
59 silly mapToRegistry uri https://registry.npmjs.org/mraa
60 verbose addRemoteTarball https://registry.npmjs.org/mraa/-/mraa-1.5.1.tgz not in flight; adding
61 verbose addRemoteTarball [ 'https://registry.npmjs.org/mraa/-/mraa-1.5.1.tgz',
61 verbose addRemoteTarball   '823f41fe7c807eddf8fcb2fe1ff8c142a1530df1' ]
62 info retry fetch attempt 1 at 3:21:26 PM
63 info attempt registry request try #1 at 3:21:26 PM
64 http fetch GET https://registry.npmjs.org/mraa/-/mraa-1.5.1.tgz
65 http fetch 200 https://registry.npmjs.org/mraa/-/mraa-1.5.1.tgz
66 silly fetchAndShaCheck shasum 823f41fe7c807eddf8fcb2fe1ff8c142a1530df1
67 verbose addTmpTarball C:\Users\Truong\AppData\Local\Temp\npm-4036-dfe91891\registry.npmjs.org\mraa\-\mraa-1.5.1.tgz not in flight; adding
68 verbose addTmpTarball already have metadata; skipping unpack for mraa@1.5.1
69 verbose correctMkdir C:\Users\Truong\AppData\Roaming\npm-cache correctMkdir not in flight; initializing
70 silly cache afterAdd mraa@1.5.1
71 verbose afterAdd C:\Users\Truong\AppData\Roaming\npm-cache\mraa\1.5.1\package\package.json not in flight; writing
72 verbose correctMkdir C:\Users\Truong\AppData\Roaming\npm-cache correctMkdir not in flight; initializing
73 verbose afterAdd C:\Users\Truong\AppData\Roaming\npm-cache\mraa\1.5.1\package\package.json written
74 silly loadAllDepsIntoIdealTree Finishing
75 silly loadIdealTree Finishing
76 silly currentTree espsim@1.0.0
76 silly currentTree +-- accepts@1.3.3
76 silly currentTree +-- after@0.8.2
76 silly currentTree +-- array-flatten@1.1.1
76 silly currentTree +-- arraybuffer.slice@0.0.6
76 silly currentTree +-- backo2@1.0.2
76 silly currentTree +-- base64-arraybuffer@0.1.5
76 silly currentTree +-- base64id@1.0.0
76 silly currentTree +-- better-assert@1.0.2
76 silly currentTree +-- blob@0.0.4
76 silly currentTree +-- callsite@1.0.0
76 silly currentTree +-- component-bind@1.0.0
76 silly currentTree +-- component-emitter@1.1.2
76 silly currentTree +-- component-inherit@0.0.3
76 silly currentTree +-- content-disposition@0.5.1
76 silly currentTree +-- content-type@1.0.2
76 silly currentTree +-- cookie-signature@1.0.6
76 silly currentTree +-- cookie@0.3.1
76 silly currentTree +-- debug@2.2.0
76 silly currentTree +-- depd@1.1.0
76 silly currentTree +-- destroy@1.0.4
76 silly currentTree +-- ee-first@1.1.1
76 silly currentTree +-- ejs@2.5.5
76 silly currentTree +-- encodeurl@1.0.1
76 silly currentTree +-- engine.io-client@1.8.2
76 silly currentTree | +-- component-emitter@1.2.1
76 silly currentTree | +-- debug@2.3.3
76 silly currentTree | `-- ms@0.7.2
76 silly currentTree +-- engine.io-parser@1.3.2
76 silly currentTree +-- engine.io@1.8.2
76 silly currentTree | +-- debug@2.3.3
76 silly currentTree | `-- ms@0.7.2
76 silly currentTree +-- escape-html@1.0.3
76 silly currentTree +-- etag@1.7.0
76 silly currentTree +-- express@4.14.0
76 silly currentTree +-- finalhandler@0.5.0
76 silly currentTree +-- forwarded@0.1.0
76 silly currentTree +-- fresh@0.3.0
76 silly currentTree +-- has-binary@0.1.7
76 silly currentTree +-- has-cors@1.1.0
76 silly currentTree +-- http-errors@1.5.1
76 silly currentTree +-- indexof@0.0.1
76 silly currentTree +-- inherits@2.0.3
76 silly currentTree +-- ipaddr.js@1.1.1
76 silly currentTree +-- isarray@0.0.1
76 silly currentTree +-- json3@3.3.2
76 silly currentTree +-- media-typer@0.3.0
76 silly currentTree +-- merge-descriptors@1.0.1
76 silly currentTree +-- methods@1.1.2
76 silly currentTree +-- mime-db@1.25.0
76 silly currentTree +-- mime-types@2.1.13
76 silly currentTree +-- mime@1.3.4
76 silly currentTree +-- ms@0.7.1
76 silly currentTree +-- negotiator@0.6.1
76 silly currentTree +-- object-assign@4.1.0
76 silly currentTree +-- object-component@0.0.3
76 silly currentTree +-- on-finished@2.3.0
76 silly currentTree +-- options@0.0.6
76 silly currentTree +-- parsejson@0.0.3
76 silly currentTree +-- parseqs@0.0.5
76 silly currentTree +-- parseuri@0.0.5
76 silly currentTree +-- parseurl@1.3.1
76 silly currentTree +-- path-to-regexp@0.1.7
76 silly currentTree +-- proxy-addr@1.1.2
76 silly currentTree +-- qs@6.2.0
76 silly currentTree +-- range-parser@1.2.0
76 silly currentTree +-- send@0.14.1
76 silly currentTree +-- serve-static@1.11.1
76 silly currentTree +-- setprototypeof@1.0.2
76 silly currentTree +-- smoothie@1.27.0
76 silly currentTree +-- socket.io-adapter@0.5.0
76 silly currentTree | +-- debug@2.3.3
76 silly currentTree | `-- ms@0.7.2
76 silly currentTree +-- socket.io-client@1.7.2
76 silly currentTree | +-- component-emitter@1.2.1
76 silly currentTree | +-- debug@2.3.3
76 silly currentTree | `-- ms@0.7.2
76 silly currentTree +-- socket.io-parser@2.3.1
76 silly currentTree +-- socket.io@1.7.2
76 silly currentTree | +-- debug@2.3.3
76 silly currentTree | `-- ms@0.7.2
76 silly currentTree +-- statuses@1.3.1
76 silly currentTree +-- to-array@0.1.4
76 silly currentTree +-- type-is@1.6.14
76 silly currentTree +-- ultron@1.0.2
76 silly currentTree +-- unpipe@1.0.0
76 silly currentTree +-- utils-merge@1.0.0
76 silly currentTree +-- vary@1.1.0
76 silly currentTree +-- ws@1.1.1
76 silly currentTree +-- wtf-8@1.0.0
76 silly currentTree +-- xmlhttprequest-ssl@1.5.3
76 silly currentTree `-- yeast@0.1.2
77 silly idealTree espsim@1.0.0
77 silly idealTree +-- accepts@1.3.3
77 silly idealTree +-- after@0.8.2
77 silly idealTree +-- array-flatten@1.1.1
77 silly idealTree +-- arraybuffer.slice@0.0.6
77 silly idealTree +-- backo2@1.0.2
77 silly idealTree +-- base64-arraybuffer@0.1.5
77 silly idealTree +-- base64id@1.0.0
77 silly idealTree +-- better-assert@1.0.2
77 silly idealTree +-- blob@0.0.4
77 silly idealTree +-- callsite@1.0.0
77 silly idealTree +-- component-bind@1.0.0
77 silly idealTree +-- component-emitter@1.1.2
77 silly idealTree +-- component-inherit@0.0.3
77 silly idealTree +-- content-disposition@0.5.1
77 silly idealTree +-- content-type@1.0.2
77 silly idealTree +-- cookie-signature@1.0.6
77 silly idealTree +-- cookie@0.3.1
77 silly idealTree +-- debug@2.2.0
77 silly idealTree +-- depd@1.1.0
77 silly idealTree +-- destroy@1.0.4
77 silly idealTree +-- ee-first@1.1.1
77 silly idealTree +-- ejs@2.5.5
77 silly idealTree +-- encodeurl@1.0.1
77 silly idealTree +-- engine.io-client@1.8.2
77 silly idealTree | +-- component-emitter@1.2.1
77 silly idealTree | +-- debug@2.3.3
77 silly idealTree | `-- ms@0.7.2
77 silly idealTree +-- engine.io-parser@1.3.2
77 silly idealTree +-- engine.io@1.8.2
77 silly idealTree | +-- debug@2.3.3
77 silly idealTree | `-- ms@0.7.2
77 silly idealTree +-- escape-html@1.0.3
77 silly idealTree +-- etag@1.7.0
77 silly idealTree +-- express@4.14.0
77 silly idealTree +-- finalhandler@0.5.0
77 silly idealTree +-- forwarded@0.1.0
77 silly idealTree +-- fresh@0.3.0
77 silly idealTree +-- has-binary@0.1.7
77 silly idealTree +-- has-cors@1.1.0
77 silly idealTree +-- http-errors@1.5.1
77 silly idealTree +-- indexof@0.0.1
77 silly idealTree +-- inherits@2.0.3
77 silly idealTree +-- ipaddr.js@1.1.1
77 silly idealTree +-- isarray@0.0.1
77 silly idealTree +-- json3@3.3.2
77 silly idealTree +-- media-typer@0.3.0
77 silly idealTree +-- merge-descriptors@1.0.1
77 silly idealTree +-- methods@1.1.2
77 silly idealTree +-- mime-db@1.25.0
77 silly idealTree +-- mime-types@2.1.13
77 silly idealTree +-- mime@1.3.4
77 silly idealTree +-- mraa@1.5.1
77 silly idealTree +-- ms@0.7.1
77 silly idealTree +-- negotiator@0.6.1
77 silly idealTree +-- object-assign@4.1.0
77 silly idealTree +-- object-component@0.0.3
77 silly idealTree +-- on-finished@2.3.0
77 silly idealTree +-- options@0.0.6
77 silly idealTree +-- parsejson@0.0.3
77 silly idealTree +-- parseqs@0.0.5
77 silly idealTree +-- parseuri@0.0.5
77 silly idealTree +-- parseurl@1.3.1
77 silly idealTree +-- path-to-regexp@0.1.7
77 silly idealTree +-- proxy-addr@1.1.2
77 silly idealTree +-- qs@6.2.0
77 silly idealTree +-- range-parser@1.2.0
77 silly idealTree +-- send@0.14.1
77 silly idealTree +-- serve-static@1.11.1
77 silly idealTree +-- setprototypeof@1.0.2
77 silly idealTree +-- smoothie@1.27.0
77 silly idealTree +-- socket.io-adapter@0.5.0
77 silly idealTree | +-- debug@2.3.3
77 silly idealTree | `-- ms@0.7.2
77 silly idealTree +-- socket.io-client@1.7.2
77 silly idealTree | +-- component-emitter@1.2.1
77 silly idealTree | +-- debug@2.3.3
77 silly idealTree | `-- ms@0.7.2
77 silly idealTree +-- socket.io-parser@2.3.1
77 silly idealTree +-- socket.io@1.7.2
77 silly idealTree | +-- debug@2.3.3
77 silly idealTree | `-- ms@0.7.2
77 silly idealTree +-- statuses@1.3.1
77 silly idealTree +-- to-array@0.1.4
77 silly idealTree +-- type-is@1.6.14
77 silly idealTree +-- ultron@1.0.2
77 silly idealTree +-- unpipe@1.0.0
77 silly idealTree +-- utils-merge@1.0.0
77 silly idealTree +-- vary@1.1.0
77 silly idealTree +-- ws@1.1.1
77 silly idealTree +-- wtf-8@1.0.0
77 silly idealTree +-- xmlhttprequest-ssl@1.5.3
77 silly idealTree `-- yeast@0.1.2
78 silly generateActionsToTake Starting
79 silly install generateActionsToTake
80 silly generateActionsToTake Finishing
81 silly diffTrees action count 1
82 silly diffTrees add mraa@1.5.1
83 silly decomposeActions action count 8
84 silly decomposeActions fetch mraa@1.5.1
85 silly decomposeActions extract mraa@1.5.1
86 silly decomposeActions test mraa@1.5.1
87 silly decomposeActions preinstall mraa@1.5.1
88 silly decomposeActions build mraa@1.5.1
89 silly decomposeActions install mraa@1.5.1
90 silly decomposeActions postinstall mraa@1.5.1
91 silly decomposeActions finalize mraa@1.5.1
92 silly runTopLevelLifecycles Starting
93 silly executeActions Starting
94 silly install executeActions
95 silly doSerial global-install 0
96 silly doParallel fetch 1
97 verbose correctMkdir C:\Users\Truong\AppData\Roaming\npm-cache\_locks correctMkdir not in flight; initializing
98 verbose makeDirectory C:\Users\Truong\AppData\Roaming\npm-cache\_locks creation not in flight; initializing
99 verbose makeCacheDir UID & GID are irrelevant on win32
100 verbose lock using C:\Users\Truong\AppData\Roaming\npm-cache\_locks\staging-74097fdb47af040a.lock for C:\Users\Truong\Google Drive\NodeJS - KhoaPham.vn\Server Simulation Test for ESP8266\node_modules\.staging
101 silly doParallel extract 1
102 silly extract mraa@1.5.1
103 verbose unbuild node_modules\.staging\mraa-37bc9115
104 silly gentlyRm C:\Users\Truong\Google Drive\NodeJS - KhoaPham.vn\Server Simulation Test for ESP8266\node_modules\.staging\mraa-37bc9115 is being purged from base C:\Users\Truong\Google Drive\NodeJS - KhoaPham.vn\Server Simulation Test for ESP8266
105 verbose gentlyRm don't care about contents; nuking C:\Users\Truong\Google Drive\NodeJS - KhoaPham.vn\Server Simulation Test for ESP8266\node_modules\.staging\mraa-37bc9115
106 verbose tar unpack C:\Users\Truong\AppData\Roaming\npm-cache\mraa\1.5.1\package.tgz
107 verbose tar unpacking to C:\Users\Truong\Google Drive\NodeJS - KhoaPham.vn\Server Simulation Test for ESP8266\node_modules\.staging\mraa-37bc9115
108 silly gentlyRm C:\Users\Truong\Google Drive\NodeJS - KhoaPham.vn\Server Simulation Test for ESP8266\node_modules\.staging\mraa-37bc9115 is being purged
109 verbose gentlyRm don't care about contents; nuking C:\Users\Truong\Google Drive\NodeJS - KhoaPham.vn\Server Simulation Test for ESP8266\node_modules\.staging\mraa-37bc9115
110 silly gunzTarPerm modes [ '777', '666' ]
111 silly gunzTarPerm extractEntry
112 silly gunzTarPerm modified mode [ '', 493, 511 ]
113 silly gunzTarPerm extractEntry imraa/
114 silly gunzTarPerm modified mode [ 'imraa/', 493, 511 ]
115 silly gunzTarPerm extractEntry imraa/imraa.c
116 silly gunzTarPerm modified mode [ 'imraa/imraa.c', 420, 438 ]
117 silly gunzTarPerm extractEntry imraa/imraa.service
118 silly gunzTarPerm modified mode [ 'imraa/imraa.service', 420, 438 ]
119 silly gunzTarPerm extractEntry imraa/imraa_arduino.h
120 silly gunzTarPerm modified mode [ 'imraa/imraa_arduino.h', 420, 438 ]
121 silly gunzTarPerm extractEntry imraa/imraa_lock.h
122 silly gunzTarPerm modified mode [ 'imraa/imraa_lock.h', 420, 438 ]
123 silly gunzTarPerm extractEntry imraa/imraa_lock.c
124 silly gunzTarPerm modified mode [ 'imraa/imraa_lock.c', 420, 438 ]
125 silly gunzTarPerm extractEntry imraa/imraa_io.c
126 silly gunzTarPerm modified mode [ 'imraa/imraa_io.c', 420, 438 ]
127 silly gunzTarPerm extractEntry imraa/imraa.io.conf
128 silly gunzTarPerm modified mode [ 'imraa/imraa.io.conf', 420, 438 ]
129 silly gunzTarPerm extractEntry imraa/imraa.conf
130 silly gunzTarPerm modified mode [ 'imraa/imraa.conf', 420, 438 ]
131 silly gunzTarPerm extractEntry imraa/imraa_arduino.c
132 silly gunzTarPerm modified mode [ 'imraa/imraa_arduino.c', 420, 438 ]
133 silly gunzTarPerm extractEntry imraa/CMakeLists.txt
134 silly gunzTarPerm modified mode [ 'imraa/CMakeLists.txt', 420, 438 ]
135 silly gunzTarPerm extractEntry imraa/imraa_io.h
136 silly gunzTarPerm modified mode [ 'imraa/imraa_io.h', 420, 438 ]
137 silly gunzTarPerm extractEntry DoxygenLayout.xml
138 silly gunzTarPerm modified mode [ 'DoxygenLayout.xml', 420, 438 ]
139 silly gunzTarPerm extractEntry Android.mk
140 silly gunzTarPerm modified mode [ 'Android.mk', 420, 438 ]
141 silly gunzTarPerm extractEntry COPYING
142 silly gunzTarPerm modified mode [ 'COPYING', 420, 438 ]
143 silly gunzTarPerm extractEntry src/
144 silly gunzTarPerm modified mode [ 'src/', 493, 511 ]
145 silly gunzTarPerm extractEntry src/x86/
146 silly gunzTarPerm modified mode [ 'src/x86/', 493, 511 ]
147 silly gunzTarPerm extractEntry src/x86/intel_de3815.c
148 silly gunzTarPerm modified mode [ 'src/x86/intel_de3815.c', 420, 438 ]
149 silly gunzTarPerm extractEntry src/x86/intel_minnow_byt_compatible.c
150 silly gunzTarPerm modified mode [ 'src/x86/intel_minnow_byt_compatible.c', 420, 438 ]
151 silly gunzTarPerm extractEntry src/x86/intel_nuc5.c
152 silly gunzTarPerm modified mode [ 'src/x86/intel_nuc5.c', 420, 438 ]
153 silly gunzTarPerm extractEntry src/x86/intel_galileo_rev_g.c
154 silly gunzTarPerm modified mode [ 'src/x86/intel_galileo_rev_g.c', 420, 438 ]
155 silly gunzTarPerm extractEntry src/x86/intel_edison_fab_c.c
156 silly gunzTarPerm modified mode [ 'src/x86/intel_edison_fab_c.c', 420, 438 ]
157 silly gunzTarPerm extractEntry src/x86/x86.c
158 silly gunzTarPerm modified mode [ 'src/x86/x86.c', 420, 438 ]
159 silly gunzTarPerm extractEntry src/x86/intel_cherryhills.c
160 silly gunzTarPerm modified mode [ 'src/x86/intel_cherryhills.c', 420, 438 ]
161 silly gunzTarPerm extractEntry src/x86/intel_galileo_rev_d.c
162 silly gunzTarPerm modified mode [ 'src/x86/intel_galileo_rev_d.c', 420, 438 ]
163 silly gunzTarPerm extractEntry src/x86/CMakeLists.txt
164 silly gunzTarPerm modified mode [ 'src/x86/CMakeLists.txt', 420, 438 ]
165 silly gunzTarPerm extractEntry src/x86/intel_sofia_3gr.c
166 silly gunzTarPerm modified mode [ 'src/x86/intel_sofia_3gr.c', 420, 438 ]
167 silly gunzTarPerm extractEntry src/x86/intel_gt_tuchuck.c
168 silly gunzTarPerm modified mode [ 'src/x86/intel_gt_tuchuck.c', 420, 438 ]
169 silly gunzTarPerm extractEntry src/x86/up.c
170 silly gunzTarPerm modified mode [ 'src/x86/up.c', 420, 438 ]
171 silly gunzTarPerm extractEntry src/mraajsJAVASCRIPT_wrap.cxx
172 silly gunzTarPerm modified mode [ 'src/mraajsJAVASCRIPT_wrap.cxx', 420, 438 ]
173 silly gunzTarPerm extractEntry src/java/
174 silly gunzTarPerm modified mode [ 'src/java/', 493, 511 ]
175 silly gunzTarPerm extractEntry src/java/manifest.txt.in
176 silly gunzTarPerm modified mode [ 'src/java/manifest.txt.in', 420, 438 ]
177 silly gunzTarPerm extractEntry src/java/mraajni.c
178 silly gunzTarPerm modified mode [ 'src/java/mraajni.c', 420, 438 ]
179 silly gunzTarPerm extractEntry src/java/pom.xml.in
180 silly gunzTarPerm modified mode [ 'src/java/pom.xml.in', 420, 438 ]
181 silly gunzTarPerm extractEntry src/java/mraajava.pc.cmake
182 silly gunzTarPerm modified mode [ 'src/java/mraajava.pc.cmake', 420, 438 ]
183 silly gunzTarPerm extractEntry src/java/mraajava.i
184 silly gunzTarPerm modified mode [ 'src/java/mraajava.i', 420, 438 ]
185 silly gunzTarPerm extractEntry src/java/CMakeLists.txt
186 silly gunzTarPerm modified mode [ 'src/java/CMakeLists.txt', 420, 438 ]
187 silly gunzTarPerm extractEntry src/spi/
188 silly gunzTarPerm modified mode [ 'src/spi/', 493, 511 ]
189 silly gunzTarPerm extractEntry src/spi/spi.c
190 silly gunzTarPerm modified mode [ 'src/spi/spi.c', 420, 438 ]
191 silly gunzTarPerm extractEntry src/mraa.i
192 silly gunzTarPerm modified mode [ 'src/mraa.i', 420, 438 ]
193 silly gunzTarPerm extractEntry src/python/
194 silly gunzTarPerm modified mode [ 'src/python/', 493, 511 ]
195 silly gunzTarPerm extractEntry src/python/python3/
196 silly gunzTarPerm modified mode [ 'src/python/python3/', 493, 511 ]
197 silly gunzTarPerm extractEntry src/python/python3/mraa3.i
198 silly gunzTarPerm modified mode [ 'src/python/python3/mraa3.i', 420, 438 ]
199 silly gunzTarPerm extractEntry src/python/python3/CMakeLists.txt
200 silly gunzTarPerm modified mode [ 'src/python/python3/CMakeLists.txt', 420, 438 ]
201 silly gunzTarPerm extractEntry src/python/mraapy.c
202 silly gunzTarPerm modified mode [ 'src/python/mraapy.c', 420, 438 ]
203 silly gunzTarPerm extractEntry src/python/python2/
204 silly gunzTarPerm modified mode [ 'src/python/python2/', 493, 511 ]
205 silly gunzTarPerm extractEntry src/python/python2/mraa2.i
206 silly gunzTarPerm modified mode [ 'src/python/python2/mraa2.i', 420, 438 ]
207 silly gunzTarPerm extractEntry src/python/python2/docs/
208 silly gunzTarPerm modified mode [ 'src/python/python2/docs/', 493, 511 ]
209 silly gunzTarPerm extractEntry src/python/python2/docs/example.rst
210 silly gunzTarPerm modified mode [ 'src/python/python2/docs/example.rst', 420, 438 ]
211 silly gunzTarPerm extractEntry src/python/python2/docs/mraa.rst
212 silly gunzTarPerm modified mode [ 'src/python/python2/docs/mraa.rst', 420, 438 ]
213 silly gunzTarPerm extractEntry src/python/python2/docs/index.rst
214 silly gunzTarPerm modified mode [ 'src/python/python2/docs/index.rst', 420, 438 ]
215 silly gunzTarPerm extractEntry src/python/python2/docs/conf.py.in
216 silly gunzTarPerm modified mode [ 'src/python/python2/docs/conf.py.in', 420, 438 ]
217 silly gunzTarPerm extractEntry src/python/python2/docs/CMakeLists.txt
218 silly gunzTarPerm modified mode [ 'src/python/python2/docs/CMakeLists.txt', 420, 438 ]
219 silly gunzTarPerm extractEntry src/python/python2/CMakeLists.txt
220 silly gunzTarPerm modified mode [ 'src/python/python2/CMakeLists.txt', 420, 438 ]
221 silly gunzTarPerm extractEntry src/python/mraapython.i
222 silly gunzTarPerm modified mode [ 'src/python/mraapython.i', 420, 438 ]
223 silly gunzTarPerm extractEntry src/python/CMakeLists.txt
224 silly gunzTarPerm modified mode [ 'src/python/CMakeLists.txt', 420, 438 ]
225 silly gunzTarPerm extractEntry src/javascript/
226 silly gunzTarPerm modified mode [ 'src/javascript/', 493, 511 ]
227 silly gunzTarPerm extractEntry src/javascript/doxygen2jsdoc_custom.json
228 silly gunzTarPerm modified mode [ 'src/javascript/doxygen2jsdoc_custom.json', 420, 438 ]
229 silly gunzTarPerm extractEntry src/javascript/binding.gyp.cmake
230 silly gunzTarPerm modified mode [ 'src/javascript/binding.gyp.cmake', 420, 438 ]
231 silly gunzTarPerm extractEntry src/javascript/mraajs.i
232 silly gunzTarPerm modified mode [ 'src/javascript/mraajs.i', 420, 438 ]
233 silly gunzTarPerm extractEntry src/javascript/CMakeLists.txt
234 silly gunzTarPerm modified mode [ 'src/javascript/CMakeLists.txt', 420, 438 ]
235 silly gunzTarPerm extractEntry src/javascript/package.json.cmake
236 silly gunzTarPerm modified mode [ 'src/javascript/package.json.cmake', 420, 438 ]
237 silly gunzTarPerm extractEntry src/gpio/
238 silly gunzTarPerm modified mode [ 'src/gpio/', 493, 511 ]
239 silly gunzTarPerm extractEntry src/gpio/gpio.c
240 silly gunzTarPerm modified mode [ 'src/gpio/gpio.c', 420, 438 ]
241 silly gunzTarPerm extractEntry src/arm/
242 silly gunzTarPerm modified mode [ 'src/arm/', 493, 511 ]
243 silly gunzTarPerm extractEntry src/arm/banana.c
244 silly gunzTarPerm modified mode [ 'src/arm/banana.c', 420, 438 ]
245 silly gunzTarPerm extractEntry src/arm/beaglebone.c
246 silly gunzTarPerm modified mode [ 'src/arm/beaglebone.c', 420, 438 ]
247 silly gunzTarPerm extractEntry src/arm/arm.c
248 silly gunzTarPerm modified mode [ 'src/arm/arm.c', 420, 438 ]
249 silly gunzTarPerm extractEntry src/arm/raspberry_pi.c
250 silly gunzTarPerm modified mode [ 'src/arm/raspberry_pi.c', 420, 438 ]
251 silly gunzTarPerm extractEntry src/arm/96boards.c
252 silly gunzTarPerm modified mode [ 'src/arm/96boards.c', 420, 438 ]
253 silly gunzTarPerm extractEntry src/arm/CMakeLists.txt
254 silly gunzTarPerm modified mode [ 'src/arm/CMakeLists.txt', 420, 438 ]
255 silly gunzTarPerm extractEntry src/aio/
256 silly gunzTarPerm modified mode [ 'src/aio/', 493, 511 ]
257 silly gunzTarPerm extractEntry src/aio/aio.c
258 silly gunzTarPerm modified mode [ 'src/aio/aio.c', 420, 438 ]
259 silly gunzTarPerm extractEntry src/mraa.c
260 silly gunzTarPerm modified mode [ 'src/mraa.c', 420, 438 ]
261 silly gunzTarPerm extractEntry src/uart/
262 silly gunzTarPerm modified mode [ 'src/uart/', 493, 511 ]
263 silly gunzTarPerm extractEntry src/uart/uart.c
264 silly gunzTarPerm modified mode [ 'src/uart/uart.c', 420, 438 ]
265 silly gunzTarPerm extractEntry src/pwm/
266 silly gunzTarPerm modified mode [ 'src/pwm/', 493, 511 ]
267 silly gunzTarPerm extractEntry src/pwm/pwm.c
268 silly gunzTarPerm modified mode [ 'src/pwm/pwm.c', 420, 438 ]
269 silly gunzTarPerm extractEntry src/usb/
270 silly gunzTarPerm modified mode [ 'src/usb/', 493, 511 ]
271 silly gunzTarPerm extractEntry src/usb/usb.c
272 silly gunzTarPerm modified mode [ 'src/usb/usb.c', 420, 438 ]
273 silly gunzTarPerm extractEntry src/usb/ftdi_ft4222.c
274 silly gunzTarPerm modified mode [ 'src/usb/ftdi_ft4222.c', 420, 438 ]
275 silly gunzTarPerm extractEntry src/usb/CMakeLists.txt
276 silly gunzTarPerm modified mode [ 'src/usb/CMakeLists.txt', 420, 438 ]
277 silly gunzTarPerm extractEntry src/uart_ow/
278 silly gunzTarPerm modified mode [ 'src/uart_ow/', 493, 511 ]
279 silly gunzTarPerm extractEntry src/uart_ow/uart_ow.c
280 silly gunzTarPerm modified mode [ 'src/uart_ow/uart_ow.c', 420, 438 ]
281 silly gunzTarPerm extractEntry src/uart_ow/CMakeLists.txt
282 silly gunzTarPerm modified mode [ 'src/uart_ow/CMakeLists.txt', 420, 438 ]
283 silly gunzTarPerm extractEntry src/json/
284 silly gunzTarPerm modified mode [ 'src/json/', 493, 511 ]
285 silly gunzTarPerm extractEntry src/json/jsonplatform.c
286 silly gunzTarPerm modified mode [ 'src/json/jsonplatform.c', 420, 438 ]
287 silly gunzTarPerm extractEntry src/i2c/
288 silly gunzTarPerm modified mode [ 'src/i2c/', 493, 511 ]
289 silly gunzTarPerm extractEntry src/i2c/i2c.c
290 silly gunzTarPerm modified mode [ 'src/i2c/i2c.c', 420, 438 ]
291 silly gunzTarPerm extractEntry src/i2c/LICENSE
292 silly gunzTarPerm modified mode [ 'src/i2c/LICENSE', 420, 438 ]
293 silly gunzTarPerm extractEntry src/mraa.pc.cmake
294 silly gunzTarPerm modified mode [ 'src/mraa.pc.cmake', 420, 438 ]
295 silly gunzTarPerm extractEntry src/doxy2swig.py
296 silly gunzTarPerm modified mode [ 'src/doxy2swig.py', 493, 511 ]
297 silly gunzTarPerm extractEntry src/glob/
298 silly gunzTarPerm modified mode [ 'src/glob/', 493, 511 ]
299 silly gunzTarPerm extractEntry src/glob/glob.c
300 silly gunzTarPerm modified mode [ 'src/glob/glob.c', 420, 438 ]
301 silly gunzTarPerm extractEntry src/glob/glob.h
302 silly gunzTarPerm modified mode [ 'src/glob/glob.h', 420, 438 ]
303 silly gunzTarPerm extractEntry src/version.c
304 silly gunzTarPerm modified mode [ 'src/version.c', 420, 438 ]
305 silly gunzTarPerm extractEntry src/iio/
306 silly gunzTarPerm modified mode [ 'src/iio/', 493, 511 ]
307 silly gunzTarPerm extractEntry src/iio/iio.c
308 silly gunzTarPerm modified mode [ 'src/iio/iio.c', 420, 438 ]
309 silly gunzTarPerm extractEntry src/CMakeLists.txt
310 silly gunzTarPerm modified mode [ 'src/CMakeLists.txt', 420, 438 ]
311 silly gunzTarPerm extractEntry src/firmata/
312 silly gunzTarPerm modified mode [ 'src/firmata/', 493, 511 ]
313 silly gunzTarPerm extractEntry src/firmata/firmata_mraa.c
314 silly gunzTarPerm modified mode [ 'src/firmata/firmata_mraa.c', 420, 438 ]
315 silly gunzTarPerm extractEntry src/firmata/firmata.c
316 silly gunzTarPerm modified mode [ 'src/firmata/firmata.c', 420, 438 ]
317 silly gunzTarPerm extractEntry src/firmata/CMakeLists.txt
318 silly gunzTarPerm modified mode [ 'src/firmata/CMakeLists.txt', 420, 438 ]
319 silly gunzTarPerm extractEntry src/mock/
320 silly gunzTarPerm modified mode [ 'src/mock/', 493, 511 ]
321 silly gunzTarPerm extractEntry src/mock/mock_board_uart.c
322 silly gunzTarPerm modified mode [ 'src/mock/mock_board_uart.c', 420, 438 ]
323 silly gunzTarPerm extractEntry src/mock/mock_board.c
324 silly gunzTarPerm modified mode [ 'src/mock/mock_board.c', 420, 438 ]
325 silly gunzTarPerm extractEntry src/mock/mock_board_aio.c
326 silly gunzTarPerm modified mode [ 'src/mock/mock_board_aio.c', 420, 438 ]
327 silly gunzTarPerm extractEntry src/mock/mock_board_gpio.c
328 silly gunzTarPerm modified mode [ 'src/mock/mock_board_gpio.c', 420, 438 ]
329 silly gunzTarPerm extractEntry src/mock/mock_board_i2c.c
330 silly gunzTarPerm modified mode [ 'src/mock/mock_board_i2c.c', 420, 438 ]
331 silly gunzTarPerm extractEntry src/mock/mock_board_spi.c
332 silly gunzTarPerm modified mode [ 'src/mock/mock_board_spi.c', 420, 438 ]
333 silly gunzTarPerm extractEntry src/mock/CMakeLists.txt
334 silly gunzTarPerm modified mode [ 'src/mock/CMakeLists.txt', 420, 438 ]
335 silly gunzTarPerm extractEntry src/mock/mock.c
336 silly gunzTarPerm modified mode [ 'src/mock/mock.c', 420, 438 ]
337 silly gunzTarPerm extractEntry package.json
338 silly gunzTarPerm modified mode [ 'package.json', 420, 438 ]
339 silly gunzTarPerm extractEntry .gitmodules
340 silly gunzTarPerm modified mode [ '.gitmodules', 420, 438 ]
341 silly gunzTarPerm extractEntry READMEFIRST
342 silly gunzTarPerm modified mode [ 'READMEFIRST', 420, 438 ]
343 silly gunzTarPerm extractEntry binding.gyp
344 silly gunzTarPerm modified mode [ 'binding.gyp', 420, 438 ]
345 silly gunzTarPerm extractEntry docs/
346 silly gunzTarPerm modified mode [ 'docs/', 493, 511 ]
347 silly gunzTarPerm extractEntry docs/testing.md
348 silly gunzTarPerm modified mode [ 'docs/testing.md', 420, 438 ]
349 silly gunzTarPerm extractEntry docs/minnow_max.md
350 silly gunzTarPerm modified mode [ 'docs/minnow_max.md', 420, 438 ]
351 silly gunzTarPerm extractEntry docs/index.java.md
352 silly gunzTarPerm modified mode [ 'docs/index.java.md', 420, 438 ]
353 silly gunzTarPerm extractEntry docs/banana_pi.md
354 silly gunzTarPerm modified mode [ 'docs/banana_pi.md', 420, 438 ]
355 silly gunzTarPerm extractEntry docs/up.md
356 silly gunzTarPerm modified mode [ 'docs/up.md', 420, 438 ]
357 silly gunzTarPerm extractEntry docs/i2c.txt
358 silly gunzTarPerm modified mode [ 'docs/i2c.txt', 420, 438 ]
359 silly gunzTarPerm extractEntry docs/jsonplatform.md
360 silly gunzTarPerm modified mode [ 'docs/jsonplatform.md', 420, 438 ]
361 silly gunzTarPerm extractEntry docs/galileorevd.md
362 silly gunzTarPerm modified mode [ 'docs/galileorevd.md', 420, 438 ]
363 silly gunzTarPerm extractEntry docs/galileorevh.md
364 silly gunzTarPerm modified mode [ 'docs/galileorevh.md', 420, 438 ]
365 silly gunzTarPerm extractEntry docs/npm.md
366 silly gunzTarPerm modified mode [ 'docs/npm.md', 420, 438 ]
367 silly gunzTarPerm extractEntry docs/index.md
368 silly gunzTarPerm modified mode [ 'docs/index.md', 420, 438 ]
369 silly gunzTarPerm extractEntry docs/platform-hooks.md
370 silly gunzTarPerm modified mode [ 'docs/platform-hooks.md', 420, 438 ]
371 silly gunzTarPerm extractEntry docs/intel_nuc5.md
372 silly gunzTarPerm modified mode [ 'docs/intel_nuc5.md', 420, 438 ]
373 silly gunzTarPerm extractEntry docs/changelog.md
374 silly gunzTarPerm modified mode [ 'docs/changelog.md', 420, 438 ]
375 silly gunzTarPerm extractEntry docs/grossetete.md
376 silly gunzTarPerm modified mode [ 'docs/grossetete.md', 420, 438 ]
377 silly gunzTarPerm extractEntry docs/internals.md
378 silly gunzTarPerm modified mode [ 'docs/internals.md', 420, 438 ]
379 silly gunzTarPerm extractEntry docs/imraa.md
380 silly gunzTarPerm modified mode [ 'docs/imraa.md', 420, 438 ]
381 silly gunzTarPerm extractEntry docs/intel_de3815.md
382 silly gunzTarPerm modified mode [ 'docs/intel_de3815.md', 420, 438 ]
383 silly gunzTarPerm extractEntry docs/mock.md
384 silly gunzTarPerm modified mode [ 'docs/mock.md', 420, 438 ]
385 silly gunzTarPerm extractEntry docs/ftdi_ft4222.md
386 silly gunzTarPerm modified mode [ 'docs/ftdi_ft4222.md', 420, 438 ]
387 silly gunzTarPerm extractEntry docs/firmata.md
388 silly gunzTarPerm modified mode [ 'docs/firmata.md', 420, 438 ]
389 silly gunzTarPerm extractEntry docs/debugging.md
390 silly gunzTarPerm modified mode [ 'docs/debugging.md', 420, 438 ]
391 silly gunzTarPerm extractEntry docs/iio.md
392 silly gunzTarPerm modified mode [ 'docs/iio.md', 420, 438 ]
393 silly gunzTarPerm extractEntry docs/beaglebone.md
394 silly gunzTarPerm modified mode [ 'docs/beaglebone.md', 420, 438 ]
395 silly gunzTarPerm extractEntry docs/raspberry_pi.md
396 silly gunzTarPerm modified mode [ 'docs/raspberry_pi.md', 420, 438 ]
397 silly gunzTarPerm extractEntry docs/edison.md
398 silly gunzTarPerm modified mode [ 'docs/edison.md', 420, 438 ]
399 silly gunzTarPerm extractEntry include/
400 silly gunzTarPerm modified mode [ 'include/', 493, 511 ]
401 silly gunzTarPerm extractEntry include/x86/
402 silly gunzTarPerm modified mode [ 'include/x86/', 493, 511 ]
403 silly gunzTarPerm extractEntry include/x86/up.h
404 silly gunzTarPerm modified mode [ 'include/x86/up.h', 420, 438 ]
405 silly gunzTarPerm extractEntry include/x86/intel_sofia_3gr.h
406 silly gunzTarPerm modified mode [ 'include/x86/intel_sofia_3gr.h', 420, 438 ]
407 silly gunzTarPerm extractEntry include/x86/intel_galileo_rev_d.h
408 silly gunzTarPerm modified mode [ 'include/x86/intel_galileo_rev_d.h', 420, 438 ]
409 silly gunzTarPerm extractEntry include/x86/intel_cherryhills.h
410 silly gunzTarPerm modified mode [ 'include/x86/intel_cherryhills.h', 420, 438 ]
411 silly gunzTarPerm extractEntry include/x86/intel_minnow_byt_compatible.h
412 silly gunzTarPerm modified mode [ 'include/x86/intel_minnow_byt_compatible.h', 420, 438 ]
413 silly gunzTarPerm extractEntry include/x86/intel_gt_tuchuck.h
414 silly gunzTarPerm modified mode [ 'include/x86/intel_gt_tuchuck.h', 420, 438 ]
415 silly gunzTarPerm extractEntry include/x86/intel_nuc5.h
416 silly gunzTarPerm modified mode [ 'include/x86/intel_nuc5.h', 420, 438 ]
417 silly gunzTarPerm extractEntry include/x86/intel_de3815.h
418 silly gunzTarPerm modified mode [ 'include/x86/intel_de3815.h', 420, 438 ]
419 silly gunzTarPerm extractEntry include/x86/intel_edison_fab_c.h
420 silly gunzTarPerm modified mode [ 'include/x86/intel_edison_fab_c.h', 420, 438 ]
421 silly gunzTarPerm extractEntry include/x86/intel_galileo_rev_g.h
422 silly gunzTarPerm modified mode [ 'include/x86/intel_galileo_rev_g.h', 420, 438 ]
423 silly gunzTarPerm extractEntry include/mraa_internal_types.h
424 silly gunzTarPerm modified mode [ 'include/mraa_internal_types.h', 420, 438 ]
425 silly gunzTarPerm extractEntry include/linux/
426 silly gunzTarPerm modified mode [ 'include/linux/', 493, 511 ]
427 silly gunzTarPerm extractEntry include/linux/spi_kernel_headers.h
428 silly gunzTarPerm modified mode [ 'include/linux/spi_kernel_headers.h', 420, 438 ]
429 silly gunzTarPerm extractEntry include/linux/types.h
430 silly gunzTarPerm modified mode [ 'include/linux/types.h', 420, 438 ]
431 silly gunzTarPerm extractEntry include/linux/i2c-dev.h
432 silly gunzTarPerm modified mode [ 'include/linux/i2c-dev.h', 420, 438 ]
433 silly gunzTarPerm extractEntry include/linux/README
434 silly gunzTarPerm modified mode [ 'include/linux/README', 420, 438 ]
435 silly gunzTarPerm extractEntry include/linux/posix_types.h
436 silly gunzTarPerm modified mode [ 'include/linux/posix_types.h', 420, 438 ]
437 silly gunzTarPerm extractEntry include/linux/compiler.h
438 silly gunzTarPerm modified mode [ 'include/linux/compiler.h', 420, 438 ]
439 silly gunzTarPerm extractEntry include/java/
440 silly gunzTarPerm modified mode [ 'include/java/', 493, 511 ]
441 silly gunzTarPerm extractEntry include/java/mraajni.h
442 silly gunzTarPerm modified mode [ 'include/java/mraajni.h', 420, 438 ]
443 silly gunzTarPerm extractEntry include/python/
444 silly gunzTarPerm modified mode [ 'include/python/', 493, 511 ]
445 silly gunzTarPerm extractEntry include/python/mraapy.h
446 silly gunzTarPerm modified mode [ 'include/python/mraapy.h', 420, 438 ]
447 silly gunzTarPerm extractEntry include/mraa_adv_func.h
448 silly gunzTarPerm modified mode [ 'include/mraa_adv_func.h', 420, 438 ]
449 silly gunzTarPerm extractEntry include/arm/
450 silly gunzTarPerm modified mode [ 'include/arm/', 493, 511 ]
451 silly gunzTarPerm extractEntry include/arm/96boards.h
452 silly gunzTarPerm modified mode [ 'include/arm/96boards.h', 420, 438 ]
453 silly gunzTarPerm extractEntry include/arm/raspberry_pi.h
454 silly gunzTarPerm modified mode [ 'include/arm/raspberry_pi.h', 420, 438 ]
455 silly gunzTarPerm extractEntry include/arm/beaglebone.h
456 silly gunzTarPerm modified mode [ 'include/arm/beaglebone.h', 420, 438 ]
457 silly gunzTarPerm extractEntry include/arm/banana.h
458 silly gunzTarPerm modified mode [ 'include/arm/banana.h', 420, 438 ]
459 silly gunzTarPerm extractEntry include/mraa_internal.h
460 silly gunzTarPerm modified mode [ 'include/mraa_internal.h', 420, 438 ]
461 silly gunzTarPerm extractEntry include/usb/
462 silly gunzTarPerm modified mode [ 'include/usb/', 493, 511 ]
463 silly gunzTarPerm extractEntry include/usb/ftdi_ft4222.h
464 silly gunzTarPerm modified mode [ 'include/usb/ftdi_ft4222.h', 420, 438 ]
465 silly gunzTarPerm extractEntry include/mraa_lang_func.h
466 silly gunzTarPerm modified mode [ 'include/mraa_lang_func.h', 420, 438 ]
467 silly gunzTarPerm extractEntry include/version.h
468 silly gunzTarPerm modified mode [ 'include/version.h', 420, 438 ]
469 silly gunzTarPerm extractEntry include/firmata/
470 silly gunzTarPerm modified mode [ 'include/firmata/', 493, 511 ]
471 silly gunzTarPerm extractEntry include/firmata/firmata.h
472 silly gunzTarPerm modified mode [ 'include/firmata/firmata.h', 420, 438 ]
473 silly gunzTarPerm extractEntry include/firmata/firmata_mraa.h
474 silly gunzTarPerm modified mode [ 'include/firmata/firmata_mraa.h', 420, 438 ]
475 silly gunzTarPerm extractEntry include/mock/
476 silly gunzTarPerm modified mode [ 'include/mock/', 493, 511 ]
477 silly gunzTarPerm extractEntry include/mock/mock_board_spi.h
478 silly gunzTarPerm modified mode [ 'include/mock/mock_board_spi.h', 420, 438 ]
479 silly gunzTarPerm extractEntry include/mock/mock_board_i2c.h
480 silly gunzTarPerm modified mode [ 'include/mock/mock_board_i2c.h', 420, 438 ]
481 silly gunzTarPerm extractEntry include/mock/mock_board_gpio.h
482 silly gunzTarPerm modified mode [ 'include/mock/mock_board_gpio.h', 420, 438 ]
483 silly gunzTarPerm extractEntry include/mock/mock_board_uart.h
484 silly gunzTarPerm modified mode [ 'include/mock/mock_board_uart.h', 420, 438 ]
485 silly gunzTarPerm extractEntry include/mock/mock_board_aio.h
486 silly gunzTarPerm modified mode [ 'include/mock/mock_board_aio.h', 420, 438 ]
487 silly gunzTarPerm extractEntry include/mock/mock_board.h
488 silly gunzTarPerm modified mode [ 'include/mock/mock_board.h', 420, 438 ]
489 silly gunzTarPerm extractEntry Doxyfile.in
490 silly gunzTarPerm modified mode [ 'Doxyfile.in', 420, 438 ]
491 silly gunzTarPerm extractEntry .travis.yml
492 silly gunzTarPerm modified mode [ '.travis.yml', 420, 438 ]
493 silly gunzTarPerm extractEntry api/
494 silly gunzTarPerm modified mode [ 'api/', 493, 511 ]
495 silly gunzTarPerm extractEntry api/mraa.h
496 silly gunzTarPerm modified mode [ 'api/mraa.h', 420, 438 ]
497 silly gunzTarPerm extractEntry api/mraa.hpp
498 silly gunzTarPerm modified mode [ 'api/mraa.hpp', 420, 438 ]
499 silly gunzTarPerm extractEntry api/mraa/
500 silly gunzTarPerm modified mode [ 'api/mraa/', 493, 511 ]
501 silly gunzTarPerm extractEntry api/mraa/uart_ow.hpp
502 silly gunzTarPerm modified mode [ 'api/mraa/uart_ow.hpp', 420, 438 ]
503 silly gunzTarPerm extractEntry api/mraa/firmata.h
504 silly gunzTarPerm modified mode [ 'api/mraa/firmata.h', 420, 438 ]
505 silly gunzTarPerm extractEntry api/mraa/spi.h
506 silly gunzTarPerm modified mode [ 'api/mraa/spi.h', 420, 438 ]
507 silly gunzTarPerm extractEntry api/mraa/iio.hpp
508 silly gunzTarPerm modified mode [ 'api/mraa/iio.hpp', 420, 438 ]
509 silly gunzTarPerm extractEntry api/mraa/pwm.hpp
510 silly gunzTarPerm modified mode [ 'api/mraa/pwm.hpp', 420, 438 ]
511 silly gunzTarPerm extractEntry api/mraa/pwm.h
512 silly gunzTarPerm modified mode [ 'api/mraa/pwm.h', 420, 438 ]
513 silly gunzTarPerm extractEntry api/mraa/types.hpp
514 silly gunzTarPerm modified mode [ 'api/mraa/types.hpp', 420, 438 ]
515 silly gunzTarPerm extractEntry api/mraa/i2c.h
516 silly gunzTarPerm modified mode [ 'api/mraa/i2c.h', 420, 438 ]
517 silly gunzTarPerm extractEntry api/mraa/uart_ow.h
518 silly gunzTarPerm modified mode [ 'api/mraa/uart_ow.h', 420, 438 ]
519 silly gunzTarPerm extractEntry api/mraa/i2c.hpp
520 silly gunzTarPerm modified mode [ 'api/mraa/i2c.hpp', 420, 438 ]
521 silly gunzTarPerm extractEntry api/mraa/iio_kernel_headers.h
522 silly gunzTarPerm modified mode [ 'api/mraa/iio_kernel_headers.h', 420, 438 ]
523 silly gunzTarPerm extractEntry api/mraa/common.hpp
524 silly gunzTarPerm modified mode [ 'api/mraa/common.hpp', 420, 438 ]
525 silly gunzTarPerm extractEntry api/mraa/aio.hpp
526 silly gunzTarPerm modified mode [ 'api/mraa/aio.hpp', 420, 438 ]
527 silly gunzTarPerm extractEntry api/mraa/types.h
528 silly gunzTarPerm modified mode [ 'api/mraa/types.h', 420, 438 ]
529 silly gunzTarPerm extractEntry api/mraa/aio.h
530 silly gunzTarPerm modified mode [ 'api/mraa/aio.h', 420, 438 ]
531 silly gunzTarPerm extractEntry api/mraa/gpio.hpp
532 silly gunzTarPerm modified mode [ 'api/mraa/gpio.hpp', 420, 438 ]
533 silly gunzTarPerm extractEntry api/mraa/gpio.h
534 silly gunzTarPerm modified mode [ 'api/mraa/gpio.h', 420, 438 ]
535 silly gunzTarPerm extractEntry api/mraa/uart.hpp
536 silly gunzTarPerm modified mode [ 'api/mraa/uart.hpp', 420, 438 ]
537 silly gunzTarPerm extractEntry api/mraa/iio.h
538 silly gunzTarPerm modified mode [ 'api/mraa/iio.h', 420, 438 ]
539 silly gunzTarPerm extractEntry api/mraa/spi.hpp
540 silly gunzTarPerm modified mode [ 'api/mraa/spi.hpp', 420, 438 ]
541 silly gunzTarPerm extractEntry api/mraa/uart.h
542 silly gunzTarPerm modified mode [ 'api/mraa/uart.h', 420, 438 ]
543 silly gunzTarPerm extractEntry api/mraa/common.h
544 silly gunzTarPerm modified mode [ 'api/mraa/common.h', 420, 438 ]
545 silly gunzTarPerm extractEntry examples/
546 silly gunzTarPerm modified mode [ 'examples/', 493, 511 ]
547 silly gunzTarPerm extractEntry examples/iio_driver.c
548 silly gunzTarPerm modified mode [ 'examples/iio_driver.c', 420, 438 ]
549 silly gunzTarPerm extractEntry examples/hellomraa.c
550 silly gunzTarPerm modified mode [ 'examples/hellomraa.c', 420, 438 ]
551 silly gunzTarPerm extractEntry examples/c++/
552 silly gunzTarPerm modified mode [ 'examples/c++/', 493, 511 ]
553 silly gunzTarPerm extractEntry examples/c++/Pwm3-cycle.cpp
554 silly gunzTarPerm modified mode [ 'examples/c++/Pwm3-cycle.cpp', 420, 438 ]
555 silly gunzTarPerm extractEntry examples/c++/Blink-IO.cpp
556 silly gunzTarPerm modified mode [ 'examples/c++/Blink-IO.cpp', 420, 438 ]
557 silly gunzTarPerm extractEntry examples/c++/initio.cpp
558 silly gunzTarPerm modified mode [ 'examples/c++/initio.cpp', 420, 438 ]
559 silly gunzTarPerm extractEntry examples/c++/Uart-example.cpp
560 silly gunzTarPerm modified mode [ 'examples/c++/Uart-example.cpp', 420, 438 ]
561 silly gunzTarPerm extractEntry examples/c++/I2c-compass.cpp
562 silly gunzTarPerm modified mode [ 'examples/c++/I2c-compass.cpp', 420, 438 ]
563 silly gunzTarPerm extractEntry examples/c++/AioA0.cpp
564 silly gunzTarPerm modified mode [ 'examples/c++/AioA0.cpp', 420, 438 ]
565 silly gunzTarPerm extractEntry examples/c++/Spi-pot.cpp
566 silly gunzTarPerm modified mode [ 'examples/c++/Spi-pot.cpp', 420, 438 ]
567 silly gunzTarPerm extractEntry examples/c++/UartOW.cpp
568 silly gunzTarPerm modified mode [ 'examples/c++/UartOW.cpp', 420, 438 ]
569 silly gunzTarPerm extractEntry examples/c++/Iio-dummy.cpp
570 silly gunzTarPerm modified mode [ 'examples/c++/Iio-dummy.cpp', 420, 438 ]
571 silly gunzTarPerm extractEntry examples/c++/CMakeLists.txt
572 silly gunzTarPerm modified mode [ 'examples/c++/CMakeLists.txt', 420, 438 ]
573 silly gunzTarPerm extractEntry examples/c++/Isr-pin6.cpp
574 silly gunzTarPerm modified mode [ 'examples/c++/Isr-pin6.cpp', 420, 438 ]
575 silly gunzTarPerm extractEntry examples/isr_pin6.c
576 silly gunzTarPerm modified mode [ 'examples/isr_pin6.c', 420, 438 ]
577 silly gunzTarPerm extractEntry examples/blink_onboard.c
578 silly gunzTarPerm modified mode [ 'examples/blink_onboard.c', 420, 438 ]
579 silly gunzTarPerm extractEntry examples/platform/
580 silly gunzTarPerm modified mode [ 'examples/platform/', 493, 511 ]
581 silly gunzTarPerm extractEntry examples/platform/turbotjson.json
582 silly gunzTarPerm modified mode [ 'examples/platform/turbotjson.json', 420, 438 ]
583 silly gunzTarPerm extractEntry examples/firmata_curie_imu.c
584 silly gunzTarPerm modified mode [ 'examples/firmata_curie_imu.c', 420, 438 ]
585 silly gunzTarPerm extractEntry examples/analogin_a0.c
586 silly gunzTarPerm modified mode [ 'examples/analogin_a0.c', 420, 438 ]
587 silly gunzTarPerm extractEntry examples/java/
588 silly gunzTarPerm modified mode [ 'examples/java/', 493, 511 ]
589 silly gunzTarPerm extractEntry examples/java/Bmp85.java
590 silly gunzTarPerm modified mode [ 'examples/java/Bmp85.java', 420, 438 ]
591 silly gunzTarPerm extractEntry examples/java/Isr.java
592 silly gunzTarPerm modified mode [ 'examples/java/Isr.java', 420, 438 ]
593 silly gunzTarPerm extractEntry examples/java/SpiMAX7219.java
594 silly gunzTarPerm modified mode [ 'examples/java/SpiMAX7219.java', 420, 438 ]
595 silly gunzTarPerm extractEntry examples/java/Example.java
596 silly gunzTarPerm modified mode [ 'examples/java/Example.java', 420, 438 ]
597 silly gunzTarPerm extractEntry examples/java/SpiMCP4261.java
598 silly gunzTarPerm modified mode [ 'examples/java/SpiMCP4261.java', 420, 438 ]
599 silly gunzTarPerm extractEntry examples/java/HelloEdison.java
600 silly gunzTarPerm modified mode [ 'examples/java/HelloEdison.java', 420, 438 ]
601 silly gunzTarPerm extractEntry examples/java/I2cCompass.java
602 silly gunzTarPerm modified mode [ 'examples/java/I2cCompass.java', 420, 438 ]
603 silly gunzTarPerm extractEntry examples/java/AioA0.java
604 silly gunzTarPerm modified mode [ 'examples/java/AioA0.java', 420, 438 ]
605 silly gunzTarPerm extractEntry examples/java/CyclePwm3.java
606 silly gunzTarPerm modified mode [ 'examples/java/CyclePwm3.java', 420, 438 ]
607 silly gunzTarPerm extractEntry examples/java/FTDITest.java
608 silly gunzTarPerm modified mode [ 'examples/java/FTDITest.java', 420, 438 ]
609 silly gunzTarPerm extractEntry examples/java/GpioRead6.java
610 silly gunzTarPerm modified mode [ 'examples/java/GpioRead6.java', 420, 438 ]
611 silly gunzTarPerm extractEntry examples/java/BlinkIO.java
612 silly gunzTarPerm modified mode [ 'examples/java/BlinkIO.java', 420, 438 ]
613 silly gunzTarPerm extractEntry examples/java/GpioMmapped.java
614 silly gunzTarPerm modified mode [ 'examples/java/GpioMmapped.java', 420, 438 ]
615 silly gunzTarPerm extractEntry examples/java/UartExample.java
616 silly gunzTarPerm modified mode [ 'examples/java/UartExample.java', 420, 438 ]
617 silly gunzTarPerm extractEntry examples/java/BlinkOnboard.java
618 silly gunzTarPerm modified mode [ 'examples/java/BlinkOnboard.java', 420, 438 ]
619 silly gunzTarPerm extractEntry examples/i2c_HMC5883L.c
620 silly gunzTarPerm modified mode [ 'examples/i2c_HMC5883L.c', 420, 438 ]
621 silly gunzTarPerm extractEntry examples/blink-io.c
622 silly gunzTarPerm modified mode [ 'examples/blink-io.c', 420, 438 ]
623 silly gunzTarPerm extractEntry examples/python/
624 silly gunzTarPerm modified mode [ 'examples/python/', 493, 511 ]
625 silly gunzTarPerm extractEntry examples/python/hello_isr.py
626 silly gunzTarPerm modified mode [ 'examples/python/hello_isr.py', 420, 438 ]
627 silly gunzTarPerm extractEntry examples/python/blink-io8.py
628 silly gunzTarPerm modified mode [ 'examples/python/blink-io8.py', 420, 438 ]
629 silly gunzTarPerm extractEntry examples/python/firmata.py
630 silly gunzTarPerm modified mode [ 'examples/python/firmata.py', 420, 438 ]
631 silly gunzTarPerm extractEntry examples/python/bmp85.py
632 silly gunzTarPerm modified mode [ 'examples/python/bmp85.py', 420, 438 ]
633 silly gunzTarPerm extractEntry examples/python/initio.py
634 silly gunzTarPerm modified mode [ 'examples/python/initio.py', 420, 438 ]
635 silly gunzTarPerm extractEntry examples/python/hello_gpio.py
636 silly gunzTarPerm modified mode [ 'examples/python/hello_gpio.py', 420, 438 ]
637 silly gunzTarPerm extractEntry examples/python/spi.py
638 silly gunzTarPerm modified mode [ 'examples/python/spi.py', 420, 438 ]
639 silly gunzTarPerm extractEntry examples/python/cycle-pwm3.py
640 silly gunzTarPerm modified mode [ 'examples/python/cycle-pwm3.py', 420, 438 ]
641 silly gunzTarPerm extractEntry examples/python/uart_sender.py
642 silly gunzTarPerm modified mode [ 'examples/python/uart_sender.py', 420, 438 ]
643 silly gunzTarPerm extractEntry examples/python/aio.py
644 silly gunzTarPerm modified mode [ 'examples/python/aio.py', 420, 438 ]
645 silly gunzTarPerm extractEntry examples/python/uart_receiver.py
646 silly gunzTarPerm modified mode [ 'examples/python/uart_receiver.py', 420, 438 ]
647 silly gunzTarPerm extractEntry examples/python/rgblcd.py
648 silly gunzTarPerm modified mode [ 'examples/python/rgblcd.py', 420, 438 ]
649 silly gunzTarPerm extractEntry examples/javascript/
650 silly gunzTarPerm modified mode [ 'examples/javascript/', 493, 511 ]
651 silly gunzTarPerm extractEntry examples/javascript/AioA0.js
652 silly gunzTarPerm modified mode [ 'examples/javascript/AioA0.js', 420, 438 ]
653 silly gunzTarPerm extractEntry examples/javascript/Blink-IO.js
654 silly gunzTarPerm modified mode [ 'examples/javascript/Blink-IO.js', 420, 438 ]
655 silly gunzTarPerm extractEntry examples/javascript/spi.js
656 silly gunzTarPerm modified mode [ 'examples/javascript/spi.js', 420, 438 ]
657 silly gunzTarPerm extractEntry examples/javascript/rgblcd.js
658 silly gunzTarPerm modified mode [ 'examples/javascript/rgblcd.js', 420, 438 ]
659 silly gunzTarPerm extractEntry examples/javascript/GPIO_DigitalWrite.js
660 silly gunzTarPerm modified mode [ 'examples/javascript/GPIO_DigitalWrite.js', 420, 438 ]
661 silly gunzTarPerm extractEntry examples/javascript/initio.js
662 silly gunzTarPerm modified mode [ 'examples/javascript/initio.js', 420, 438 ]
663 silly gunzTarPerm extractEntry examples/javascript/uart.js
664 silly gunzTarPerm modified mode [ 'examples/javascript/uart.js', 420, 438 ]
665 silly gunzTarPerm extractEntry examples/javascript/bmp85.js
666 silly gunzTarPerm modified mode [ 'examples/javascript/bmp85.js', 420, 438 ]
667 silly gunzTarPerm extractEntry examples/javascript/isr.js
668 silly gunzTarPerm modified mode [ 'examples/javascript/isr.js', 420, 438 ]
669 silly gunzTarPerm extractEntry examples/javascript/GPIO_DigitalRead.js
670 silly gunzTarPerm modified mode [ 'examples/javascript/GPIO_DigitalRead.js', 420, 438 ]
671 silly gunzTarPerm extractEntry examples/javascript/firmata.js
672 silly gunzTarPerm modified mode [ 'examples/javascript/firmata.js', 420, 438 ]
673 silly gunzTarPerm extractEntry examples/javascript/gpio-tool.js
674 silly gunzTarPerm modified mode [ 'examples/javascript/gpio-tool.js', 420, 438 ]
675 silly gunzTarPerm extractEntry examples/samples.mapping.txt
676 silly gunzTarPerm modified mode [ 'examples/samples.mapping.txt', 420, 438 ]
677 silly gunzTarPerm extractEntry examples/mmap-io2.c
678 silly gunzTarPerm modified mode [ 'examples/mmap-io2.c', 420, 438 ]
679 silly gunzTarPerm extractEntry examples/uart.c
680 silly gunzTarPerm modified mode [ 'examples/uart.c', 420, 438 ]
681 silly gunzTarPerm extractEntry examples/mraa-gpio.c
682 silly gunzTarPerm modified mode [ 'examples/mraa-gpio.c', 420, 438 ]
683 silly gunzTarPerm extractEntry examples/gpio_read6.c
684 silly gunzTarPerm modified mode [ 'examples/gpio_read6.c', 420, 438 ]
685 silly gunzTarPerm extractEntry examples/i2c_firmata.c
686 silly gunzTarPerm modified mode [ 'examples/i2c_firmata.c', 420, 438 ]
687 silly gunzTarPerm extractEntry examples/spi_max7219.c
688 silly gunzTarPerm modified mode [ 'examples/spi_max7219.c', 420, 438 ]
689 silly gunzTarPerm extractEntry examples/uart_ow.c
690 silly gunzTarPerm modified mode [ 'examples/uart_ow.c', 420, 438 ]
691 silly gunzTarPerm extractEntry examples/spi_mcp4261.c
692 silly gunzTarPerm modified mode [ 'examples/spi_mcp4261.c', 420, 438 ]
693 silly gunzTarPerm extractEntry examples/cycle-pwm3.c
694 silly gunzTarPerm modified mode [ 'examples/cycle-pwm3.c', 420, 438 ]
695 silly gunzTarPerm extractEntry examples/helloedison.c
696 silly gunzTarPerm modified mode [ 'examples/helloedison.c', 420, 438 ]
697 silly gunzTarPerm extractEntry examples/CMakeLists.txt
698 silly gunzTarPerm modified mode [ 'examples/CMakeLists.txt', 420, 438 ]
699 silly gunzTarPerm extractEntry examples/mraa-i2c.c
700 silly gunzTarPerm modified mode [ 'examples/mraa-i2c.c', 420, 438 ]
701 silly gunzTarPerm extractEntry examples/initio.c
702 silly gunzTarPerm modified mode [ 'examples/initio.c', 420, 438 ]
703 silly gunzTarPerm extractEntry Doxyfile.java.in
704 silly gunzTarPerm modified mode [ 'Doxyfile.java.in', 420, 438 ]
705 silly gunzTarPerm extractEntry cmake/
706 silly gunzTarPerm modified mode [ 'cmake/', 493, 511 ]
707 silly gunzTarPerm extractEntry cmake/modules/
708 silly gunzTarPerm modified mode [ 'cmake/modules/', 493, 511 ]
709 silly gunzTarPerm extractEntry cmake/modules/TargetArch.cmake
710 silly gunzTarPerm modified mode [ 'cmake/modules/TargetArch.cmake', 420, 438 ]
711 silly gunzTarPerm extractEntry cmake/modules/FindNodejs.cmake
712 silly gunzTarPerm modified mode [ 'cmake/modules/FindNodejs.cmake', 420, 438 ]
713 silly gunzTarPerm extractEntry cmake/modules/version.c.in
714 silly gunzTarPerm modified mode [ 'cmake/modules/version.c.in', 420, 438 ]
715 silly gunzTarPerm extractEntry cmake/modules/FindYuidoc.cmake
716 silly gunzTarPerm modified mode [ 'cmake/modules/FindYuidoc.cmake', 420, 438 ]
717 silly gunzTarPerm extractEntry cmake/modules/OpenCVDetectPython.cmake
718 silly gunzTarPerm modified mode [ 'cmake/modules/OpenCVDetectPython.cmake', 420, 438 ]
719 silly gunzTarPerm extractEntry cmake/modules/COPYING-CMAKE-SCRIPTS
720 silly gunzTarPerm modified mode [ 'cmake/modules/COPYING-CMAKE-SCRIPTS', 420, 438 ]
721 silly gunzTarPerm extractEntry cmake/modules/LICENSE.LGPL
722 silly gunzTarPerm modified mode [ 'cmake/modules/LICENSE.LGPL', 420, 438 ]
723 silly gunzTarPerm extractEntry cmake/modules/LICENSE_1_0.txt
724 silly gunzTarPerm modified mode [ 'cmake/modules/LICENSE_1_0.txt', 420, 438 ]
725 silly gunzTarPerm extractEntry cmake/modules/FindFtd4222.cmake
726 silly gunzTarPerm modified mode [ 'cmake/modules/FindFtd4222.cmake', 420, 438 ]
727 silly gunzTarPerm extractEntry cmake/modules/FindSphinx.cmake
728 silly gunzTarPerm modified mode [ 'cmake/modules/FindSphinx.cmake', 420, 438 ]
729 silly gunzTarPerm extractEntry cmake/modules/FindFtd2xx.cmake
730 silly gunzTarPerm modified mode [ 'cmake/modules/FindFtd2xx.cmake', 420, 438 ]
731 silly gunzTarPerm extractEntry cmake/modules/GetGitRevisionDescription.cmake.in
732 silly gunzTarPerm modified mode [ 'cmake/modules/GetGitRevisionDescription.cmake.in', 420, 438 ]
733 silly gunzTarPerm extractEntry cmake/modules/FindJSON-C.cmake
734 silly gunzTarPerm modified mode [ 'cmake/modules/FindJSON-C.cmake', 420, 438 ]
735 silly gunzTarPerm extractEntry cmake/modules/CPackDeb.cmake
736 silly gunzTarPerm modified mode [ 'cmake/modules/CPackDeb.cmake', 420, 438 ]
737 silly gunzTarPerm extractEntry cmake/modules/Copyright.txt
738 silly gunzTarPerm modified mode [ 'cmake/modules/Copyright.txt', 420, 438 ]
739 silly gunzTarPerm extractEntry cmake/modules/GetGitRevisionDescription.cmake
740 silly gunzTarPerm modified mode [ 'cmake/modules/GetGitRevisionDescription.cmake', 420, 438 ]
741 silly gunzTarPerm extractEntry cmake/modules/FindUDEV.cmake
742 silly gunzTarPerm modified mode [ 'cmake/modules/FindUDEV.cmake', 420, 438 ]
743 silly gunzTarPerm extractEntry cmake/Toolchains/
744 silly gunzTarPerm modified mode [ 'cmake/Toolchains/', 493, 511 ]
745 silly gunzTarPerm extractEntry cmake/Toolchains/oe-sdk_cross.cmake
746 silly gunzTarPerm modified mode [ 'cmake/Toolchains/oe-sdk_cross.cmake', 420, 438 ]
747 silly gunzTarPerm extractEntry .clang-format
748 silly gunzTarPerm modified mode [ '.clang-format', 420, 438 ]
749 silly gunzTarPerm extractEntry CONTRIBUTING.md
750 silly gunzTarPerm modified mode [ 'CONTRIBUTING.md', 420, 438 ]
751 silly gunzTarPerm extractEntry doxygen2jsdoc/
752 silly gunzTarPerm modified mode [ 'doxygen2jsdoc/', 493, 511 ]
753 silly gunzTarPerm extractEntry jsstub/
754 silly gunzTarPerm modified mode [ 'jsstub/', 493, 511 ]
755 silly gunzTarPerm extractEntry jsstub/package.json
756 silly gunzTarPerm modified mode [ 'jsstub/package.json', 420, 438 ]
757 silly gunzTarPerm extractEntry jsstub/index.js
758 silly gunzTarPerm modified mode [ 'jsstub/index.js', 420, 438 ]
759 silly gunzTarPerm extractEntry jsstub/test/
760 silly gunzTarPerm modified mode [ 'jsstub/test/', 493, 511 ]
761 silly gunzTarPerm extractEntry jsstub/test/index.js
762 silly gunzTarPerm modified mode [ 'jsstub/test/index.js', 420, 438 ]
763 silly gunzTarPerm extractEntry jsstub/test/lightbulb.js
764 silly gunzTarPerm modified mode [ 'jsstub/test/lightbulb.js', 420, 438 ]
765 silly gunzTarPerm extractEntry jsstub/Gruntfile.js
766 silly gunzTarPerm modified mode [ 'jsstub/Gruntfile.js', 420, 438 ]
767 silly gunzTarPerm extractEntry jsstub/README.md
768 silly gunzTarPerm modified mode [ 'jsstub/README.md', 420, 438 ]
769 silly gunzTarPerm extractEntry CMakeLists.txt
770 silly gunzTarPerm modified mode [ 'CMakeLists.txt', 420, 438 ]
771 silly gunzTarPerm extractEntry tests/
772 silly gunzTarPerm modified mode [ 'tests/', 493, 511 ]
773 silly gunzTarPerm extractEntry tests/general_checks.py
774 silly gunzTarPerm modified mode [ 'tests/general_checks.py', 493, 511 ]
775 silly gunzTarPerm extractEntry tests/gpio_checks.py
776 silly gunzTarPerm modified mode [ 'tests/gpio_checks.py', 493, 511 ]
777 silly gunzTarPerm extractEntry tests/check_clean.py
778 silly gunzTarPerm modified mode [ 'tests/check_clean.py', 493, 511 ]
779 silly gunzTarPerm extractEntry tests/platform_checks.py
780 silly gunzTarPerm modified mode [ 'tests/platform_checks.py', 493, 511 ]
781 silly gunzTarPerm extractEntry tests/check_samplenames.py
782 silly gunzTarPerm modified mode [ 'tests/check_samplenames.py', 493, 511 ]
783 silly gunzTarPerm extractEntry tests/CMakeLists.txt
784 silly gunzTarPerm modified mode [ 'tests/CMakeLists.txt', 420, 438 ]
785 silly gunzTarPerm extractEntry tests/mock/
786 silly gunzTarPerm modified mode [ 'tests/mock/', 493, 511 ]
787 silly gunzTarPerm extractEntry tests/mock/i2c_checks_write_word_data.py
788 silly gunzTarPerm modified mode [ 'tests/mock/i2c_checks_write_word_data.py', 420, 438 ]
789 silly gunzTarPerm extractEntry tests/mock/uart_checks_shared.py
790 silly gunzTarPerm modified mode [ 'tests/mock/uart_checks_shared.py', 420, 438 ]
791 silly gunzTarPerm extractEntry tests/mock/general_checks.py
792 silly gunzTarPerm modified mode [ 'tests/mock/general_checks.py', 493, 511 ]
793 silly gunzTarPerm extractEntry tests/mock/i2c_checks_freq.py
794 silly gunzTarPerm modified mode [ 'tests/mock/i2c_checks_freq.py', 420, 438 ]
795 silly gunzTarPerm extractEntry tests/mock/gpio_checks_mode.py
796 silly gunzTarPerm modified mode [ 'tests/mock/gpio_checks_mode.py', 420, 438 ]
797 silly gunzTarPerm extractEntry tests/mock/i2c_checks_write_byte_data.py
798 silly gunzTarPerm modified mode [ 'tests/mock/i2c_checks_write_byte_data.py', 420, 438 ]
799 silly gunzTarPerm extractEntry tests/mock/spi_checks_write_byte.py
800 silly gunzTarPerm modified mode [ 'tests/mock/spi_checks_write_byte.py', 420, 438 ]
801 silly gunzTarPerm extractEntry tests/mock/i2c_checks_read.py
802 silly gunzTarPerm modified mode [ 'tests/mock/i2c_checks_read.py', 420, 438 ]
803 silly gunzTarPerm extractEntry tests/mock/spi_checks_freq.py
804 silly gunzTarPerm modified mode [ 'tests/mock/spi_checks_freq.py', 420, 438 ]
805 silly gunzTarPerm extractEntry tests/mock/i2c_checks_write.py
806 silly gunzTarPerm modified mode [ 'tests/mock/i2c_checks_write.py', 420, 438 ]
807 silly gunzTarPerm extractEntry tests/mock/spi_checks_write.py
808 silly gunzTarPerm modified mode [ 'tests/mock/spi_checks_write.py', 420, 438 ]
809 silly gunzTarPerm extractEntry tests/mock/uart_checks_set_timeout.py
810 silly gunzTarPerm modified mode [ 'tests/mock/uart_checks_set_timeout.py', 420, 438 ]
811 silly gunzTarPerm extractEntry tests/mock/uart_checks_write.py
812 silly gunzTarPerm modified mode [ 'tests/mock/uart_checks_write.py', 420, 438 ]
813 silly gunzTarPerm extractEntry tests/mock/i2c_checks_addr.py
814 silly gunzTarPerm modified mode [ 'tests/mock/i2c_checks_addr.py', 420, 438 ]
815 silly gunzTarPerm extractEntry tests/mock/spi_checks_bit_per_word.py
816 silly gunzTarPerm modified mode [ 'tests/mock/spi_checks_bit_per_word.py', 420, 438 ]
817 silly gunzTarPerm extractEntry tests/mock/uart_checks_flush.py
818 silly gunzTarPerm modified mode [ 'tests/mock/uart_checks_flush.py', 420, 438 ]
819 silly gunzTarPerm extractEntry tests/mock/uart_checks_data_available.py
820 silly gunzTarPerm modified mode [ 'tests/mock/uart_checks_data_available.py', 420, 438 ]
821 silly gunzTarPerm extractEntry tests/mock/uart_checks_read.py
822 silly gunzTarPerm modified mode [ 'tests/mock/uart_checks_read.py', 420, 438 ]
823 silly gunzTarPerm extractEntry tests/mock/spi_checks_lsbmode.py
824 silly gunzTarPerm modified mode [ 'tests/mock/spi_checks_lsbmode.py', 420, 438 ]
825 silly gunzTarPerm extractEntry tests/mock/i2c_checks_shared.py
826 silly gunzTarPerm modified mode [ 'tests/mock/i2c_checks_shared.py', 420, 438 ]
827 silly gunzTarPerm extractEntry tests/mock/i2c_checks_read_byte.py
828 silly gunzTarPerm modified mode [ 'tests/mock/i2c_checks_read_byte.py', 420, 438 ]
829 silly gunzTarPerm extractEntry tests/mock/uart_checks_set_nonblocking.py
830 silly gunzTarPerm modified mode [ 'tests/mock/uart_checks_set_nonblocking.py', 420, 438 ]
831 silly gunzTarPerm extractEntry tests/mock/i2c_checks_read_word_data.py
832 silly gunzTarPerm modified mode [ 'tests/mock/i2c_checks_read_word_data.py', 420, 438 ]
833 silly gunzTarPerm extractEntry tests/mock/i2c_checks_write_byte.py
834 silly gunzTarPerm modified mode [ 'tests/mock/i2c_checks_write_byte.py', 420, 438 ]
835 silly gunzTarPerm extractEntry tests/mock/spi_checks_mode.py
836 silly gunzTarPerm modified mode [ 'tests/mock/spi_checks_mode.py', 420, 438 ]
837 silly gunzTarPerm extractEntry tests/mock/gpio_checks_write_read.py
838 silly gunzTarPerm modified mode [ 'tests/mock/gpio_checks_write_read.py', 493, 511 ]
839 silly gunzTarPerm extractEntry tests/mock/uart_checks_set_mode.py
840 silly gunzTarPerm modified mode [ 'tests/mock/uart_checks_set_mode.py', 420, 438 ]
841 silly gunzTarPerm extractEntry tests/mock/aio_checks.py
842 silly gunzTarPerm modified mode [ 'tests/mock/aio_checks.py', 420, 438 ]
843 silly gunzTarPerm extractEntry tests/mock/gpio_checks_dir.py
844 silly gunzTarPerm modified mode [ 'tests/mock/gpio_checks_dir.py', 493, 511 ]
845 silly gunzTarPerm extractEntry tests/mock/platform_checks.py
846 silly gunzTarPerm modified mode [ 'tests/mock/platform_checks.py', 493, 511 ]
847 silly gunzTarPerm extractEntry tests/mock/spi_checks_write_word.py
848 silly gunzTarPerm modified mode [ 'tests/mock/spi_checks_write_word.py', 420, 438 ]
849 silly gunzTarPerm extractEntry tests/mock/uart_checks_set_flowcontrol.py
850 silly gunzTarPerm modified mode [ 'tests/mock/uart_checks_set_flowcontrol.py', 420, 438 ]
851 silly gunzTarPerm extractEntry tests/mock/spi_checks_shared.py
852 silly gunzTarPerm modified mode [ 'tests/mock/spi_checks_shared.py', 420, 438 ]
853 silly gunzTarPerm extractEntry tests/mock/gpio_checks_basic.py
854 silly gunzTarPerm modified mode [ 'tests/mock/gpio_checks_basic.py', 493, 511 ]
855 silly gunzTarPerm extractEntry tests/mock/CMakeLists.txt
856 silly gunzTarPerm modified mode [ 'tests/mock/CMakeLists.txt', 420, 438 ]
857 silly gunzTarPerm extractEntry tests/mock/gpio_checks_edge.py
858 silly gunzTarPerm modified mode [ 'tests/mock/gpio_checks_edge.py', 493, 511 ]
859 silly gunzTarPerm extractEntry tests/mock/i2c_checks_read_byte_data.py
860 silly gunzTarPerm modified mode [ 'tests/mock/i2c_checks_read_byte_data.py', 420, 438 ]
861 silly gunzTarPerm extractEntry tests/mock/gpio_checks_isr.py
862 silly gunzTarPerm modified mode [ 'tests/mock/gpio_checks_isr.py', 420, 438 ]
863 silly gunzTarPerm extractEntry tests/mock/uart_checks_set_baudrate.py
864 silly gunzTarPerm modified mode [ 'tests/mock/uart_checks_set_baudrate.py', 420, 438 ]
865 silly gunzTarPerm extractEntry tests/mock/i2c_checks_read_bytes_data.py
866 silly gunzTarPerm modified mode [ 'tests/mock/i2c_checks_read_bytes_data.py', 420, 438 ]
867 silly gunzTarPerm extractEntry README.md
868 silly gunzTarPerm modified mode [ 'README.md', 420, 438 ]
869 silly gentlyRm C:\Users\Truong\Google Drive\NodeJS - KhoaPham.vn\Server Simulation Test for ESP8266\node_modules\.staging\mraa-37bc9115\node_modules is being purged
870 verbose gentlyRm don't care about contents; nuking C:\Users\Truong\Google Drive\NodeJS - KhoaPham.vn\Server Simulation Test for ESP8266\node_modules\.staging\mraa-37bc9115\node_modules
871 silly doParallel preinstall 1
872 silly preinstall mraa@1.5.1 C:\Users\Truong\Google Drive\NodeJS - KhoaPham.vn\Server Simulation Test for ESP8266\node_modules\.staging\mraa-37bc9115
873 info lifecycle mraa@1.5.1~preinstall: mraa@1.5.1
874 silly lifecycle mraa@1.5.1~preinstall: no script for preinstall, continuing
875 silly doReverseSerial remove 0
876 silly doSerial move 0
877 silly doSerial finalize 1
878 silly finalize C:\Users\Truong\Google Drive\NodeJS - KhoaPham.vn\Server Simulation Test for ESP8266\node_modules\mraa
879 silly doSerial build 1
880 silly build mraa@1.5.1
881 info linkStuff mraa@1.5.1
882 silly linkStuff mraa@1.5.1 has C:\Users\Truong\Google Drive\NodeJS - KhoaPham.vn\Server Simulation Test for ESP8266\node_modules as its parent node_modules
883 verbose linkBins mraa@1.5.1
884 verbose linkMans mraa@1.5.1
885 silly doSerial global-link 0
886 silly doParallel update-linked 0
887 silly doSerial install 1
888 silly install mraa@1.5.1 C:\Users\Truong\Google Drive\NodeJS - KhoaPham.vn\Server Simulation Test for ESP8266\node_modules\.staging\mraa-37bc9115
889 info lifecycle mraa@1.5.1~install: mraa@1.5.1
890 verbose lifecycle mraa@1.5.1~install: unsafe-perm in lifecycle true
891 verbose lifecycle mraa@1.5.1~install: PATH: C:\Program Files\nodejs\node_modules\npm\bin\node-gyp-bin;C:\Users\Truong\Google Drive\NodeJS - KhoaPham.vn\Server Simulation Test for ESP8266\node_modules\mraa\node_modules\.bin;C:\Users\Truong\Google Drive\NodeJS - KhoaPham.vn\Server Simulation Test for ESP8266\node_modules\.bin;C:\Users\Truong\bin;C:\Program Files\Git\mingw64\bin;C:\Program Files\Git\usr\local\bin;C:\Program Files\Git\usr\bin;C:\Program Files\Git\usr\bin;C:\Program Files\Git\mingw64\bin;C:\Program Files\Git\usr\bin;C:\Users\Truong\bin;C:\ProgramData\Oracle\Java\javapath;C:\Windows\system32;C:\Windows;C:\Windows\System32\Wbem;C:\Windows\System32\WindowsPowerShell\v1.0;C:\Program Files (x86)\NVIDIA Corporation\PhysX\Common;C:\Program Files (x86)\Windows Kits\8.1\Windows Performance Toolkit;C:\Program Files\Git\cmd;C:\Program Files\nodejs;C:\WINDOWS\system32;C:\WINDOWS;C:\WINDOWS\System32\Wbem;C:\WINDOWS\System32\WindowsPowerShell\v1.0;C:\Users\Truong\AppData\Roaming\npm;C:\Users\Truong\AppData\Local\Microsoft\WindowsApps;C:\Users\Truong\AppData\Local\atom\bin;C:\Program Files\Git\usr\bin\vendor_perl;C:\Program Files\Git\usr\bin\core_perl
892 verbose lifecycle mraa@1.5.1~install: CWD: C:\Users\Truong\Google Drive\NodeJS - KhoaPham.vn\Server Simulation Test for ESP8266\node_modules\mraa
893 silly lifecycle mraa@1.5.1~install: Args: [ '/d /s /c', 'node-gyp rebuild' ]
894 silly lifecycle mraa@1.5.1~install: Returned: code: 1  signal: null
895 info lifecycle mraa@1.5.1~install: Failed to exec install script
896 verbose unlock done using C:\Users\Truong\AppData\Roaming\npm-cache\_locks\staging-74097fdb47af040a.lock for C:\Users\Truong\Google Drive\NodeJS - KhoaPham.vn\Server Simulation Test for ESP8266\node_modules\.staging
897 silly rollbackFailedOptional Starting
898 silly rollbackFailedOptional Finishing
899 silly runTopLevelLifecycles Finishing
900 silly install printInstalled
901 warn espsim@1.0.0 No description
902 verbose If you need help, you may report this error at:
902 verbose     <https://github.com/npm/npm/issues>
903 warn espsim@1.0.0 No repository field.
904 verbose If you need help, you may report this error at:
904 verbose     <https://github.com/npm/npm/issues>
905 verbose stack Error: mraa@1.5.1 install: `node-gyp rebuild`
905 verbose stack Exit status 1
905 verbose stack     at EventEmitter.<anonymous> (C:\Program Files\nodejs\node_modules\npm\lib\utils\lifecycle.js:255:16)
905 verbose stack     at emitTwo (events.js:106:13)
905 verbose stack     at EventEmitter.emit (events.js:191:7)
905 verbose stack     at ChildProcess.<anonymous> (C:\Program Files\nodejs\node_modules\npm\lib\utils\spawn.js:40:14)
905 verbose stack     at emitTwo (events.js:106:13)
905 verbose stack     at ChildProcess.emit (events.js:191:7)
905 verbose stack     at maybeClose (internal/child_process.js:877:16)
905 verbose stack     at Process.ChildProcess._handle.onexit (internal/child_process.js:226:5)
906 verbose pkgid mraa@1.5.1
907 verbose cwd C:\Users\Truong\Google Drive\NodeJS - KhoaPham.vn\Server Simulation Test for ESP8266
908 error Windows_NT 10.0.14393
909 error argv "C:\\Program Files\\nodejs\\node.exe" "C:\\Program Files\\nodejs\\node_modules\\npm\\bin\\npm-cli.js" "install" "mraa"
910 error node v6.9.4
911 error npm  v3.10.10
912 error code ELIFECYCLE
913 error mraa@1.5.1 install: `node-gyp rebuild`
913 error Exit status 1
914 error Failed at the mraa@1.5.1 install script 'node-gyp rebuild'.
914 error Make sure you have the latest version of node.js and npm installed.
914 error If you do, this is most likely a problem with the mraa package,
914 error not with npm itself.
914 error Tell the author that this fails on your system:
914 error     node-gyp rebuild
914 error You can get information on how to open an issue for this project with:
914 error     npm bugs mraa
914 error Or if that isn't available, you can get their info via:
914 error     npm owner ls mraa
914 error There is likely additional logging output above.
915 verbose exit [ 1, true ]
